<?xml version="1.0" encoding="UTF-8"?>
<testsuite name="com.vcsjr.cadastro.controller.v1.PessoaControllerTest" tests="1" skipped="0" failures="0" errors="0" timestamp="2023-06-19T18:25:16" hostname="MacBook-Pro-de-Valmir.local" time="0.18">
  <properties/>
  <testcase name="testCadastrarPessoa()" classname="com.vcsjr.cadastro.controller.v1.PessoaControllerTest" time="0.18"/>
  <system-out><![CDATA[]]></system-out>
  <system-err><![CDATA[]]></system-err>
</testsuite>
